Arguments: 
  C:\Program Files\nodejs\node.exe C:\Users\devin\AppData\Roaming\npm\node_modules\yarn\bin\yarn.js start

PATH: 
  C:\Users\devin\Desktop\cmder\bin;C:\Users\devin\Desktop\cmder\vendor\git-for-windows\cmd;C:\Users\devin\Desktop\cmder\vendor\conemu-maximus5\ConEmu\Scripts;C:\Users\devin\Desktop\cmder\vendor\conemu-maximus5;C:\Users\devin\Desktop\cmder\vendor\conemu-maximus5\ConEmu;C:\cygwin64\bin;C:\Program Files (x86)\Intel\iCLS Client\;C:\Program Files\Intel\iCLS Client\;C:\WINDOWS\system32;C:\WINDOWS;C:\WINDOWS\System32\Wbem;C:\WINDOWS\System32\WindowsPowerShell\v1.0\;C:\Program Files (x86)\Intel\Intel(R) Management Engine Components\DAL;C:\Program Files\Intel\Intel(R) Management Engine Components\DAL;C:\Program Files (x86)\Intel\Intel(R) Management Engine Components\IPT;C:\Program Files\Intel\Intel(R) Management Engine Components\IPT;C:\Program Files\Intel\WiFi\bin\;C:\Program Files\Common Files\Intel\WirelessCommon\;C:\Program Files (x86)\Skype\Phone\;C:\Program Files (x86)\Wolfram Research\WolframScript\;C:\Program Files\nodejs\;C:\Users\devin\AppData\Local\Programs\Python\Python35-32\Scripts\;C:\Users\devin\AppData\Local\Programs\Python\Python35-32\;C:\Users\devin\AppData\Local\Microsoft\WindowsApps;C:\Users\devin\AppData\Local\atom\bin;C:\Users\devin\AppData\Local\Programs\MiKTeX 2.9\miktex\bin\x64\;C:\Users\devin\AppData\Roaming\npm;C:\Users\devin\AppData\Local\Yarn\bin;;C:\Users\devin\Desktop\cmder\vendor\git-for-windows\usr\bin;C:\Users\devin\Desktop\cmder\vendor\git-for-windows\usr\share\vim\vim74;C:\Users\devin\Desktop\cmder\

Yarn version: 
  1.5.1

Node version: 
  8.11.1

Platform: 
  win32 x64

npm manifest: 
  No manifest

yarn manifest: 
  No manifest

Lockfile: 
  No lockfile

Trace: 
  Error: Couldn't find a package.json file in "C:\\Users\\devin\\Documents\\LAHacks2018\\LaHacks2018"
      at new MessageError (C:\Users\devin\AppData\Roaming\npm\node_modules\yarn\lib\cli.js:186:110)
      at C:\Users\devin\AppData\Roaming\npm\node_modules\yarn\lib\cli.js:40048:15
      at Generator.next (<anonymous>)
      at step (C:\Users\devin\AppData\Roaming\npm\node_modules\yarn\lib\cli.js:98:30)
      at C:\Users\devin\AppData\Roaming\npm\node_modules\yarn\lib\cli.js:109:13
      at <anonymous>
